<!DOCTYPE html PUBLIC "-//W3C//DTD XHTML 1.1//EN" "http://www.w3.org/TR/xhtml11/DTD/xhtml11.dtd">
<html xmlns="http://www.w3.org/1999/xhtml">
<head>
<meta http-equiv="content-type" content="text/html; charset=UTF-8"/>
<title>TestNG Report</title>
<style type="text/css">table {margin-bottom:10px;border-collapse:collapse;empty-cells:show}th,td {border:1px solid #009;padding:.25em .5em}th {vertical-align:bottom}td {vertical-align:top}table a {font-weight:bold}.stripe td {background-color: #E6EBF9}.num {text-align:right}.passedodd td {background-color: #3F3}.passedeven td {background-color: #0A0}.skippedodd td {background-color: #DDD}.skippedeven td {background-color: #CCC}.failedodd td,.attn {background-color: #F33}.failedeven td,.stripe .attn {background-color: #D00}.stacktrace {white-space:pre;font-family:monospace}.totop {font-size:85%;text-align:center;border-bottom:2px solid #000}.invisible {display:none}</style>
</head>
<body>
<table>
<tr><th>Test</th><th># Passed</th><th># Skipped</th><th># Failed</th><th>Time (ms)</th><th>Included Groups</th><th>Excluded Groups</th></tr>
<tr><th colspan="7">Leads_Suite</th></tr>
<tr><td><a href="#t0">Leads_SuiteDesktop</a></td><td class="num">0</td><td class="num attn">1</td><td class="num">0</td><td class="num">3,471</td><td></td><td></td></tr>
</table>
<table id='summary'><thead><tr><th>Class</th><th>Method</th><th>Start</th><th>Time (ms)</th></tr></thead><tbody><tr><th colspan="4">Leads_Suite</th></tr></tbody><tbody id="t0"><tr><th colspan="4">Leads_SuiteDesktop &#8212; failed (configuration methods)</th></tr><tr class="failedeven"><td rowspan="1">com.qa.flight.FlightBookingTest</td><td><a href="#m0">setUpMethod</a></td><td rowspan="1">1592724029289</td><td rowspan="1">3404</td></tr><tr><th colspan="4">Leads_SuiteDesktop &#8212; skipped</th></tr><tr class="skippedeven"><td rowspan="1">com.qa.flight.FlightBookingTest</td><td><a href="#m1">verifyFlightBooking</a></td><td rowspan="1">1592724032706</td><td rowspan="1">0</td></tr></tbody>
</table>
<h2>Leads_SuiteDesktop</h2><h3 id="m0">com.qa.flight.FlightBookingTest#setUpMethod</h3><table class="result"><tr class="param"><th>Parameter #1</th></tr><tr class="param stripe"><td>org.testng.TestRunner@1a036944</td></tr><tr><th>Exception</th></tr><tr><td><div class="stacktrace">org.openqa.selenium.SessionNotCreatedException: session not created: This version of ChromeDriver only supports Chrome version 84
Build info: version: &apos;3.141.59&apos;, revision: &apos;e82be7d358&apos;, time: &apos;2018-11-14T08:25:53&apos;
System info: host: &apos;DESKTOP-KE9AP6M&apos;, ip: &apos;10.64.39.251&apos;, os.name: &apos;Windows 10&apos;, os.arch: &apos;amd64&apos;, os.version: &apos;10.0&apos;, java.version: &apos;1.8.0_191&apos;
Driver info: driver.version: ChromeDriver
remote stacktrace: Backtrace:
	Ordinal0 [0x002F87E3+2852835]
	Ordinal0 [0x001E5BB1+1727409]
	Ordinal0 [0x000BE4B9+517305]
	Ordinal0 [0x00050BA0+68512]
	Ordinal0 [0x0004D3A0+54176]
	Ordinal0 [0x0006D9F7+186871]
	Ordinal0 [0x0006D7FD+186365]
	Ordinal0 [0x0006B70B+177931]
	Ordinal0 [0x00052584+75140]
	Ordinal0 [0x00053650+79440]
	Ordinal0 [0x000535E9+79337]
	Ordinal0 [0x001FAD5C+1813852]
	GetHandleVerifier [0x0041C616+1075574]
	GetHandleVerifier [0x0041C367+1074887]
	GetHandleVerifier [0x00427497+1120247]
	GetHandleVerifier [0x0041CC16+1077110]
	Ordinal0 [0x001F3206+1782278]
	Ordinal0 [0x001FC3BB+1819579]
	Ordinal0 [0x001FC523+1819939]
	Ordinal0 [0x00212B45+1911621]
	BaseThreadInitThunk [0x75C86359+25]
	RtlGetAppContainerNamedObjectPath [0x77687C24+228]
	RtlGetAppContainerNamedObjectPath [0x77687BF4+180]
	(No symbol) [0x00000000]

	at org.openqa.selenium.remote.W3CHandshakeResponse.lambda$errorHandler$0(W3CHandshakeResponse.java:62)
	at org.openqa.selenium.remote.HandshakeResponse.lambda$getResponseFunction$0(HandshakeResponse.java:30)
	at org.openqa.selenium.remote.ProtocolHandshake.lambda$createSession$0(ProtocolHandshake.java:126)
	at java.util.stream.ReferencePipeline$3$1.accept(Unknown Source)
	at java.util.Spliterators$ArraySpliterator.tryAdvance(Unknown Source)
	at java.util.stream.ReferencePipeline.forEachWithCancel(Unknown Source)
	at java.util.stream.AbstractPipeline.copyIntoWithCancel(Unknown Source)
	at java.util.stream.AbstractPipeline.copyInto(Unknown Source)
	at java.util.stream.AbstractPipeline.wrapAndCopyInto(Unknown Source)
	at java.util.stream.FindOps$FindOp.evaluateSequential(Unknown Source)
	at java.util.stream.AbstractPipeline.evaluate(Unknown Source)
	at java.util.stream.ReferencePipeline.findFirst(Unknown Source)
	at org.openqa.selenium.remote.ProtocolHandshake.createSession(ProtocolHandshake.java:128)
	at org.openqa.selenium.remote.ProtocolHandshake.createSession(ProtocolHandshake.java:74)
	at org.openqa.selenium.remote.HttpCommandExecutor.execute(HttpCommandExecutor.java:136)
	at org.openqa.selenium.remote.service.DriverCommandExecutor.execute(DriverCommandExecutor.java:83)
	at org.openqa.selenium.remote.RemoteWebDriver.execute(RemoteWebDriver.java:552)
	at org.openqa.selenium.remote.RemoteWebDriver.startSession(RemoteWebDriver.java:213)
	at org.openqa.selenium.remote.RemoteWebDriver.&lt;init&gt;(RemoteWebDriver.java:131)
	at org.openqa.selenium.chrome.ChromeDriver.&lt;init&gt;(ChromeDriver.java:181)
	at org.openqa.selenium.chrome.ChromeDriver.&lt;init&gt;(ChromeDriver.java:168)
	at org.openqa.selenium.chrome.ChromeDriver.&lt;init&gt;(ChromeDriver.java:157)
	at com.qa.base.ApplicationBase.getDriver(ApplicationBase.java:76)
	at com.qa.base.ApplicationBase.createDriver(ApplicationBase.java:40)
	at com.qa.base.ApplicationBase.setUpMethod(ApplicationBase.java:29)
	at java.util.concurrent.ThreadPoolExecutor.runWorker(Unknown Source)
	at java.util.concurrent.ThreadPoolExecutor$Worker.run(Unknown Source)
	at java.lang.Thread.run(Unknown Source)
... Removed 17 stack frames</div></td></tr></table><p class="totop"><a href="#summary">back to summary</a></p>
<h3 id="m1">com.qa.flight.FlightBookingTest#verifyFlightBooking</h3><table class="result"><tr><th>Exception</th></tr><tr><td><div class="stacktrace">org.openqa.selenium.SessionNotCreatedException: session not created: This version of ChromeDriver only supports Chrome version 84
Build info: version: &apos;3.141.59&apos;, revision: &apos;e82be7d358&apos;, time: &apos;2018-11-14T08:25:53&apos;
System info: host: &apos;DESKTOP-KE9AP6M&apos;, ip: &apos;10.64.39.251&apos;, os.name: &apos;Windows 10&apos;, os.arch: &apos;amd64&apos;, os.version: &apos;10.0&apos;, java.version: &apos;1.8.0_191&apos;
Driver info: driver.version: ChromeDriver
remote stacktrace: Backtrace:
	Ordinal0 [0x002F87E3+2852835]
	Ordinal0 [0x001E5BB1+1727409]
	Ordinal0 [0x000BE4B9+517305]
	Ordinal0 [0x00050BA0+68512]
	Ordinal0 [0x0004D3A0+54176]
	Ordinal0 [0x0006D9F7+186871]
	Ordinal0 [0x0006D7FD+186365]
	Ordinal0 [0x0006B70B+177931]
	Ordinal0 [0x00052584+75140]
	Ordinal0 [0x00053650+79440]
	Ordinal0 [0x000535E9+79337]
	Ordinal0 [0x001FAD5C+1813852]
	GetHandleVerifier [0x0041C616+1075574]
	GetHandleVerifier [0x0041C367+1074887]
	GetHandleVerifier [0x00427497+1120247]
	GetHandleVerifier [0x0041CC16+1077110]
	Ordinal0 [0x001F3206+1782278]
	Ordinal0 [0x001FC3BB+1819579]
	Ordinal0 [0x001FC523+1819939]
	Ordinal0 [0x00212B45+1911621]
	BaseThreadInitThunk [0x75C86359+25]
	RtlGetAppContainerNamedObjectPath [0x77687C24+228]
	RtlGetAppContainerNamedObjectPath [0x77687BF4+180]
	(No symbol) [0x00000000]

	at org.openqa.selenium.remote.W3CHandshakeResponse.lambda$errorHandler$0(W3CHandshakeResponse.java:62)
	at org.openqa.selenium.remote.HandshakeResponse.lambda$getResponseFunction$0(HandshakeResponse.java:30)
	at org.openqa.selenium.remote.ProtocolHandshake.lambda$createSession$0(ProtocolHandshake.java:126)
	at java.util.stream.ReferencePipeline$3$1.accept(Unknown Source)
	at java.util.Spliterators$ArraySpliterator.tryAdvance(Unknown Source)
	at java.util.stream.ReferencePipeline.forEachWithCancel(Unknown Source)
	at java.util.stream.AbstractPipeline.copyIntoWithCancel(Unknown Source)
	at java.util.stream.AbstractPipeline.copyInto(Unknown Source)
	at java.util.stream.AbstractPipeline.wrapAndCopyInto(Unknown Source)
	at java.util.stream.FindOps$FindOp.evaluateSequential(Unknown Source)
	at java.util.stream.AbstractPipeline.evaluate(Unknown Source)
	at java.util.stream.ReferencePipeline.findFirst(Unknown Source)
	at org.openqa.selenium.remote.ProtocolHandshake.createSession(ProtocolHandshake.java:128)
	at org.openqa.selenium.remote.ProtocolHandshake.createSession(ProtocolHandshake.java:74)
	at org.openqa.selenium.remote.HttpCommandExecutor.execute(HttpCommandExecutor.java:136)
	at org.openqa.selenium.remote.service.DriverCommandExecutor.execute(DriverCommandExecutor.java:83)
	at org.openqa.selenium.remote.RemoteWebDriver.execute(RemoteWebDriver.java:552)
	at org.openqa.selenium.remote.RemoteWebDriver.startSession(RemoteWebDriver.java:213)
	at org.openqa.selenium.remote.RemoteWebDriver.&lt;init&gt;(RemoteWebDriver.java:131)
	at org.openqa.selenium.chrome.ChromeDriver.&lt;init&gt;(ChromeDriver.java:181)
	at org.openqa.selenium.chrome.ChromeDriver.&lt;init&gt;(ChromeDriver.java:168)
	at org.openqa.selenium.chrome.ChromeDriver.&lt;init&gt;(ChromeDriver.java:157)
	at com.qa.base.ApplicationBase.getDriver(ApplicationBase.java:76)
	at com.qa.base.ApplicationBase.createDriver(ApplicationBase.java:40)
	at com.qa.base.ApplicationBase.setUpMethod(ApplicationBase.java:29)
	at java.util.concurrent.ThreadPoolExecutor.runWorker(Unknown Source)
	at java.util.concurrent.ThreadPoolExecutor$Worker.run(Unknown Source)
	at java.lang.Thread.run(Unknown Source)
... Removed 17 stack frames</div></td></tr></table><p class="totop"><a href="#summary">back to summary</a></p>
</body>
</html>
