<?xml version="1.0" encoding="UTF-8"?>
<!-- Generated by org.testng.reporters.JUnitReportReporter -->
<testsuite skipped="1" hostname="DESKTOP-KE9AP6M" name="com.qa.flight.FlightBookingTest" tests="2" failures="0" timestamp="21 Jun 2020 07:20:32 GMT" time="3.404" errors="1">
  <testcase name="setUpMethod" time="3.404" classname="com.qa.flight.FlightBookingTest">
    <error type="org.openqa.selenium.SessionNotCreatedException" message="session not created: This version of ChromeDriver only supports Chrome version 84
Build info: version: &#039;3.141.59&#039;, revision: &#039;e82be7d358&#039;, time: &#039;2018-11-14T08:25:53&#039;
System info: host: &#039;DESKTOP-KE9AP6M&#039;, ip: &#039;10.64.39.251&#039;, os.name: &#039;Windows 10&#039;, os.arch: &#039;amd64&#039;, os.version: &#039;10.0&#039;, java.version: &#039;1.8.0_191&#039;
Driver info: driver.version: ChromeDriver
remote stacktrace: Backtrace:
	Ordinal0 [0x002F87E3+2852835]
	Ordinal0 [0x001E5BB1+1727409]
	Ordinal0 [0x000BE4B9+517305]
	Ordinal0 [0x00050BA0+68512]
	Ordinal0 [0x0004D3A0+54176]
	Ordinal0 [0x0006D9F7+186871]
	Ordinal0 [0x0006D7FD+186365]
	Ordinal0 [0x0006B70B+177931]
	Ordinal0 [0x00052584+75140]
	Ordinal0 [0x00053650+79440]
	Ordinal0 [0x000535E9+79337]
	Ordinal0 [0x001FAD5C+1813852]
	GetHandleVerifier [0x0041C616+1075574]
	GetHandleVerifier [0x0041C367+1074887]
	GetHandleVerifier [0x00427497+1120247]
	GetHandleVerifier [0x0041CC16+1077110]
	Ordinal0 [0x001F3206+1782278]
	Ordinal0 [0x001FC3BB+1819579]
	Ordinal0 [0x001FC523+1819939]
	Ordinal0 [0x00212B45+1911621]
	BaseThreadInitThunk [0x75C86359+25]
	RtlGetAppContainerNamedObjectPath [0x77687C24+228]
	RtlGetAppContainerNamedObjectPath [0x77687BF4+180]
	(No symbol) [0x00000000]
">
      <![CDATA[org.openqa.selenium.SessionNotCreatedException: session not created: This version of ChromeDriver only supports Chrome version 84
Build info: version: '3.141.59', revision: 'e82be7d358', time: '2018-11-14T08:25:53'
System info: host: 'DESKTOP-KE9AP6M', ip: '10.64.39.251', os.name: 'Windows 10', os.arch: 'amd64', os.version: '10.0', java.version: '1.8.0_191'
Driver info: driver.version: ChromeDriver
remote stacktrace: Backtrace:
Ordinal0 [0x002F87E3+2852835]
Ordinal0 [0x001E5BB1+1727409]
Ordinal0 [0x000BE4B9+517305]
Ordinal0 [0x00050BA0+68512]
Ordinal0 [0x0004D3A0+54176]
Ordinal0 [0x0006D9F7+186871]
Ordinal0 [0x0006D7FD+186365]
Ordinal0 [0x0006B70B+177931]
Ordinal0 [0x00052584+75140]
Ordinal0 [0x00053650+79440]
Ordinal0 [0x000535E9+79337]
Ordinal0 [0x001FAD5C+1813852]
GetHandleVerifier [0x0041C616+1075574]
GetHandleVerifier [0x0041C367+1074887]
GetHandleVerifier [0x00427497+1120247]
GetHandleVerifier [0x0041CC16+1077110]
Ordinal0 [0x001F3206+1782278]
Ordinal0 [0x001FC3BB+1819579]
Ordinal0 [0x001FC523+1819939]
Ordinal0 [0x00212B45+1911621]
BaseThreadInitThunk [0x75C86359+25]
RtlGetAppContainerNamedObjectPath [0x77687C24+228]
RtlGetAppContainerNamedObjectPath [0x77687BF4+180]
(No symbol) [0x00000000]

at sun.reflect.NativeConstructorAccessorImpl.newInstance0(Native Method)
at sun.reflect.NativeConstructorAccessorImpl.newInstance(Unknown Source)
at sun.reflect.DelegatingConstructorAccessorImpl.newInstance(Unknown Source)
at java.lang.reflect.Constructor.newInstance(Unknown Source)
at org.openqa.selenium.remote.W3CHandshakeResponse.lambda$errorHandler$0(W3CHandshakeResponse.java:62)
at org.openqa.selenium.remote.HandshakeResponse.lambda$getResponseFunction$0(HandshakeResponse.java:30)
at org.openqa.selenium.remote.ProtocolHandshake.lambda$createSession$0(ProtocolHandshake.java:126)
at java.util.stream.ReferencePipeline$3$1.accept(Unknown Source)
at java.util.Spliterators$ArraySpliterator.tryAdvance(Unknown Source)
at java.util.stream.ReferencePipeline.forEachWithCancel(Unknown Source)
at java.util.stream.AbstractPipeline.copyIntoWithCancel(Unknown Source)
at java.util.stream.AbstractPipeline.copyInto(Unknown Source)
at java.util.stream.AbstractPipeline.wrapAndCopyInto(Unknown Source)
at java.util.stream.FindOps$FindOp.evaluateSequential(Unknown Source)
at java.util.stream.AbstractPipeline.evaluate(Unknown Source)
at java.util.stream.ReferencePipeline.findFirst(Unknown Source)
at org.openqa.selenium.remote.ProtocolHandshake.createSession(ProtocolHandshake.java:128)
at org.openqa.selenium.remote.ProtocolHandshake.createSession(ProtocolHandshake.java:74)
at org.openqa.selenium.remote.HttpCommandExecutor.execute(HttpCommandExecutor.java:136)
at org.openqa.selenium.remote.service.DriverCommandExecutor.execute(DriverCommandExecutor.java:83)
at org.openqa.selenium.remote.RemoteWebDriver.execute(RemoteWebDriver.java:552)
at org.openqa.selenium.remote.RemoteWebDriver.startSession(RemoteWebDriver.java:213)
at org.openqa.selenium.remote.RemoteWebDriver.<init>(RemoteWebDriver.java:131)
at org.openqa.selenium.chrome.ChromeDriver.<init>(ChromeDriver.java:181)
at org.openqa.selenium.chrome.ChromeDriver.<init>(ChromeDriver.java:168)
at org.openqa.selenium.chrome.ChromeDriver.<init>(ChromeDriver.java:157)
at com.qa.base.ApplicationBase.getDriver(ApplicationBase.java:76)
at com.qa.base.ApplicationBase.createDriver(ApplicationBase.java:40)
at com.qa.base.ApplicationBase.setUpMethod(ApplicationBase.java:29)
at sun.reflect.NativeMethodAccessorImpl.invoke0(Native Method)
at sun.reflect.NativeMethodAccessorImpl.invoke(Unknown Source)
at sun.reflect.DelegatingMethodAccessorImpl.invoke(Unknown Source)
at java.lang.reflect.Method.invoke(Unknown Source)
at org.testng.internal.MethodInvocationHelper.invokeMethod(MethodInvocationHelper.java:124)
at org.testng.internal.MethodInvocationHelper.invokeMethodConsideringTimeout(MethodInvocationHelper.java:59)
at org.testng.internal.Invoker.invokeConfigurationMethod(Invoker.java:458)
at org.testng.internal.Invoker.invokeConfigurations(Invoker.java:222)
at org.testng.internal.Invoker.invokeMethod(Invoker.java:523)
at org.testng.internal.Invoker.invokeTestMethod(Invoker.java:719)
at org.testng.internal.Invoker.invokeTestMethods(Invoker.java:989)
at org.testng.internal.TestMethodWorker.invokeTestMethods(TestMethodWorker.java:125)
at org.testng.internal.TestMethodWorker.run(TestMethodWorker.java:109)
at java.util.concurrent.ThreadPoolExecutor.runWorker(Unknown Source)
at java.util.concurrent.ThreadPoolExecutor$Worker.run(Unknown Source)
at java.lang.Thread.run(Unknown Source)
]]>
    </error>
  </testcase> <!-- setUpMethod -->
  <testcase name="verifyFlightBooking" time="0.000" classname="com.qa.flight.FlightBookingTest">
    <skipped/>
  </testcase> <!-- verifyFlightBooking -->
</testsuite> <!-- com.qa.flight.FlightBookingTest -->
